<?xml version="1.0" encoding="UTF-8"?><testsuite failures="1" name="cucumber.runtime.formatter.JUnitFormatter" skipped="0" tests="1" time="2.69341">
<testcase classname="Validate the mock api" name="Verify the responc" time="2.69341">
<failure message="java.lang.SecurityException: class &quot;org.hamcrest.Matchers&quot;'s signer information does not match signer information of other classes in the same package&#13;&#10;&#9;at java.base/java.lang.ClassLoader.checkCerts(ClassLoader.java:1151)&#13;&#10;&#9;at java.base/java.lang.ClassLoader.preDefineClass(ClassLoader.java:906)&#13;&#10;&#9;at java.base/java.lang.ClassLoader.defineClass(ClassLoader.java:1015)&#13;&#10;&#9;at java.base/java.security.SecureClassLoader.defineClass(SecureClassLoader.java:151)&#13;&#10;&#9;at java.base/jdk.internal.loader.BuiltinClassLoader.defineClass(BuiltinClassLoader.java:821)&#13;&#10;&#9;at java.base/jdk.internal.loader.BuiltinClassLoader.findClassOnClassPathOrNull(BuiltinClassLoader.java:719)&#13;&#10;&#9;at java.base/jdk.internal.loader.BuiltinClassLoader.loadClassOrNull(BuiltinClassLoader.java:642)&#13;&#10;&#9;at java.base/jdk.internal.loader.BuiltinClassLoader.loadClass(BuiltinClassLoader.java:600)&#13;&#10;&#9;at java.base/jdk.internal.loader.ClassLoaders$AppClassLoader.loadClass(ClassLoaders.java:178)&#13;&#10;&#9;at java.base/java.lang.ClassLoader.loadClass(ClassLoader.java:522)&#13;&#10;&#9;at io.restassured.internal.ResponseSpecificationImpl.statusCode(ResponseSpecificationImpl.groovy:134)&#13;&#10;&#9;at io.restassured.internal.ValidatableResponseOptionsImpl.statusCode(ValidatableResponseOptionsImpl.java:89)&#13;&#10;&#9;at io.restassured.internal.ValidatableResponseImpl.super$2$statusCode(ValidatableResponseImpl.groovy)&#13;&#10;&#9;at java.base/jdk.internal.reflect.NativeMethodAccessorImpl.invoke0(Native Method)&#13;&#10;&#9;at java.base/jdk.internal.reflect.NativeMethodAccessorImpl.invoke(NativeMethodAccessorImpl.java:62)&#13;&#10;&#9;at java.base/jdk.internal.reflect.DelegatingMethodAccessorImpl.invoke(DelegatingMethodAccessorImpl.java:43)&#13;&#10;&#9;at java.base/java.lang.reflect.Method.invoke(Method.java:564)&#13;&#10;&#9;at org.codehaus.groovy.reflection.CachedMethod.invoke(CachedMethod.java:107)&#13;&#10;&#9;at groovy.lang.MetaMethod.doMethodInvoke(MetaMethod.java:323)&#13;&#10;&#9;at groovy.lang.MetaClassImpl.invokeMethod(MetaClassImpl.java:1268)&#13;&#10;&#9;at org.codehaus.groovy.runtime.ScriptBytecodeAdapter.invokeMethodOnSuperN(ScriptBytecodeAdapter.java:144)&#13;&#10;&#9;at io.restassured.internal.ValidatableResponseImpl.statusCode(ValidatableResponseImpl.groovy:142)&#13;&#10;&#9;at io.restassured.internal.ValidatableResponseImpl.statusCode(ValidatableResponseImpl.groovy)&#13;&#10;&#9;at Step_Definition.Mock_01.enter_the_fake_url(Mock_01.java:20)&#13;&#10;&#9;at ✽.Enter the url(C:/Users/admin/eclipse-workspace/RestAssuredDemo/src/test/java/FeatureFile/Mock1.feature:3)&#13;&#10;"><![CDATA[Given Enter the url.........................................................failed
When verify the status code.................................................skipped
Then verify the responce....................................................skipped

StackTrace:
java.lang.SecurityException: class "org.hamcrest.Matchers"'s signer information does not match signer information of other classes in the same package
	at java.base/java.lang.ClassLoader.checkCerts(ClassLoader.java:1151)
	at java.base/java.lang.ClassLoader.preDefineClass(ClassLoader.java:906)
	at java.base/java.lang.ClassLoader.defineClass(ClassLoader.java:1015)
	at java.base/java.security.SecureClassLoader.defineClass(SecureClassLoader.java:151)
	at java.base/jdk.internal.loader.BuiltinClassLoader.defineClass(BuiltinClassLoader.java:821)
	at java.base/jdk.internal.loader.BuiltinClassLoader.findClassOnClassPathOrNull(BuiltinClassLoader.java:719)
	at java.base/jdk.internal.loader.BuiltinClassLoader.loadClassOrNull(BuiltinClassLoader.java:642)
	at java.base/jdk.internal.loader.BuiltinClassLoader.loadClass(BuiltinClassLoader.java:600)
	at java.base/jdk.internal.loader.ClassLoaders$AppClassLoader.loadClass(ClassLoaders.java:178)
	at java.base/java.lang.ClassLoader.loadClass(ClassLoader.java:522)
	at io.restassured.internal.ResponseSpecificationImpl.statusCode(ResponseSpecificationImpl.groovy:134)
	at io.restassured.internal.ValidatableResponseOptionsImpl.statusCode(ValidatableResponseOptionsImpl.java:89)
	at io.restassured.internal.ValidatableResponseImpl.super$2$statusCode(ValidatableResponseImpl.groovy)
	at java.base/jdk.internal.reflect.NativeMethodAccessorImpl.invoke0(Native Method)
	at java.base/jdk.internal.reflect.NativeMethodAccessorImpl.invoke(NativeMethodAccessorImpl.java:62)
	at java.base/jdk.internal.reflect.DelegatingMethodAccessorImpl.invoke(DelegatingMethodAccessorImpl.java:43)
	at java.base/java.lang.reflect.Method.invoke(Method.java:564)
	at org.codehaus.groovy.reflection.CachedMethod.invoke(CachedMethod.java:107)
	at groovy.lang.MetaMethod.doMethodInvoke(MetaMethod.java:323)
	at groovy.lang.MetaClassImpl.invokeMethod(MetaClassImpl.java:1268)
	at org.codehaus.groovy.runtime.ScriptBytecodeAdapter.invokeMethodOnSuperN(ScriptBytecodeAdapter.java:144)
	at io.restassured.internal.ValidatableResponseImpl.statusCode(ValidatableResponseImpl.groovy:142)
	at io.restassured.internal.ValidatableResponseImpl.statusCode(ValidatableResponseImpl.groovy)
	at Step_Definition.Mock_01.enter_the_fake_url(Mock_01.java:20)
	at ✽.Enter the url(C:/Users/admin/eclipse-workspace/RestAssuredDemo/src/test/java/FeatureFile/Mock1.feature:3)
]]></failure>
</testcase>
</testsuite>
