<?xml version="1.0" encoding="UTF-8"?>
<!-- Generated by org.testng.reporters.JUnitReportReporter -->
<testsuite ignored="0" hostname="LAPTOP-4AP5COG2" failures="0" tests="1" name="FakeApi.sumvalidation" time="1.661" errors="0" timestamp="04 Jan 2022 09:31:31 GMT" skipped="0">
  <testcase classname="FakeApi.sumvalidation" name="sumverify" time="1.661"/>
</testsuite> <!-- FakeApi.sumvalidation -->
