<?xml version="1.0" encoding="UTF-8"?>
<!-- Generated by org.testng.reporters.JUnitReportReporter -->
<testsuite hostname="NBTLPi520c2969" failures="0" tests="1" name="Demo_api.Test_Get" time="5.549" errors="0" timestamp="2021-01-12T16:58:15 IST" skipped="0">
  <testcase classname="Demo_api.Test_Get" name="Test_1" time="5.549"/>
  <system-out/>
</testsuite> <!-- Demo_api.Test_Get -->
