<?xml version="1.0" encoding="UTF-8"?>
<!-- Generated by org.testng.reporters.JUnitReportReporter -->
<testsuite hostname="NBTLPi520c2969" failures="0" tests="2" name="Demo_api.Test01_Get" time="5.669" errors="0" timestamp="2021-01-12T16:39:27 IST" skipped="0">
  <testcase classname="Demo_api.Test01_Get" name="test_02" time="2.147"/>
  <system-out/>
  <testcase classname="Demo_api.Test01_Get" name="test_01" time="3.522"/>
  <system-out/>
</testsuite> <!-- Demo_api.Test01_Get -->
