<?xml version="1.0" encoding="UTF-8"?>
<!-- Generated by org.testng.reporters.JUnitReportReporter -->
<testsuite hostname="NBTLPi520c2969" failures="0" tests="2" name="FakeApi.Example" time="2.298" errors="0" timestamp="2021-01-12T19:28:52 IST" skipped="0">
  <testcase classname="FakeApi.Example" name="test_put" time="0.090"/>
  <system-out/>
  <testcase classname="FakeApi.Example" name="test_Delete" time="2.208"/>
  <system-out/>
</testsuite> <!-- FakeApi.Example -->
