<?xml version="1.0" encoding="UTF-8"?>
<!-- Generated by org.testng.reporters.JUnitReportReporter -->
<testsuite ignored="0" hostname="LAPTOP-4AP5COG2" failures="0" tests="1" name="TestNGListener.MYNewTest" time="8.523" errors="0" timestamp="30 Mar 2022 05:49:16 GMT" skipped="0">
  <testcase classname="TestNGListener.MYNewTest" name="VerygoogleText" time="8.523"/>
</testsuite> <!-- TestNGListener.MYNewTest -->
