<?xml version="1.0" encoding="UTF-8"?>
<!-- Generated by org.testng.reporters.JUnitReportReporter -->
<testsuite ignored="0" hostname="LAPTOP-4AP5COG2" failures="0" tests="3" name="FakeApi.Dynamicjson" time="3.540" errors="0" timestamp="05 Jan 2022 11:16:43 GMT" skipped="0">
  <testcase classname="FakeApi.Dynamicjson" name="addbook" time="2.905"/>
  <testcase classname="FakeApi.Dynamicjson" name="addbook" time="0.370"/>
  <testcase classname="FakeApi.Dynamicjson" name="addbook" time="0.265"/>
</testsuite> <!-- FakeApi.Dynamicjson -->
