<?xml version="1.0" encoding="UTF-8"?>
<!-- Generated by org.testng.reporters.JUnitReportReporter -->
<testsuite hostname="NBTLPi520c2969" failures="0" tests="1" name="Demo_api.Test_Post" time="4.566" errors="0" timestamp="2021-01-12T18:32:57 IST" skipped="0">
  <testcase classname="Demo_api.Test_Post" name="Test_1_Delete" time="4.566"/>
  <system-out/>
</testsuite> <!-- Demo_api.Test_Post -->
