<?xml version="1.0" encoding="UTF-8"?>
<!-- Generated by org.testng.reporters.JUnitReportReporter -->
<testsuite ignored="0" hostname="LAPTOP-4AP5COG2" failures="0" tests="1" name="WebDemo.NewTest" time="6.230" errors="0" timestamp="25 Mar 2022 09:55:09 GMT" skipped="0">
  <testcase classname="WebDemo.NewTest" name="screenshot" time="6.230"/>
</testsuite> <!-- WebDemo.NewTest -->
