<?xml version="1.0" encoding="UTF-8"?>
<!-- Generated by org.testng.reporters.JUnitReportReporter -->
<testsuite ignored="0" hostname="LAPTOP-4AP5COG2" failures="0" tests="4" name="WebDemo.TestNGAnnotations" time="0.008" errors="0" timestamp="07 Mar 2022 07:20:24 GMT" skipped="0">
  <testcase classname="WebDemo.TestNGAnnotations" name="f1" time="0.003"/>
  <testcase classname="WebDemo.TestNGAnnotations" name="f3" time="0.002"/>
  <testcase classname="WebDemo.TestNGAnnotations" name="f4" time="0.002"/>
  <testcase classname="WebDemo.TestNGAnnotations" name="f2" time="0.001"/>
</testsuite> <!-- WebDemo.TestNGAnnotations -->
